('iPIC3D> cell number               :  ', (256, 208, 208))
('iPIC3D> domain size               :  ', (25.0, 20.0, 20.0))
('iPIC3D> mesh spacing              :  ', (0.09765625, 0.09615384615384616, 0.09615384615384616))
('iPIC3D> periodicity               :  ', (False, False, False))
('iPIC3D> time step                 :  ', 0.5)
('iPIC3D> species                   :  ', ['e0', 'i1'])
('          e0 charge-over-mass           :  ', -100.0)
('          i1 charge-over-mass           :  ', 1.0)
('MIN Cycles=', 5000.0)
('MAX Cycles=', 5034.0)
('LEN Cycles=', 18)
('LEN Protons=', 167922)
('LEN Electrons=', 121807)



('latitude=', 3.6, 'conversion Flux=', 6426116.043109057)
('latitude=', 18.0, 'conversion Flux=', 1305729.681140611)
('latitude=', 32.4, 'conversion Flux=', 752999.2170028213)
('latitude=', 46.8, 'conversion Flux=', 553455.6375517405)
('latitude=', 61.2, 'conversion Flux=', 460358.2733974517)
('latitude=', 75.6, 'conversion Flux=', 416447.71509870543)
('latitude=', 90.0, 'conversion Flux=', 403295.00494611496)
('latitude=', 104.4, 'conversion Flux=', 416277.54447285883)
('latitude=', 118.80000000000001, 'conversion Flux=', 459955.6174463969)
('latitude=', 133.2, 'conversion Flux=', 552629.139820379)
('latitude=', 147.60000000000002, 'conversion Flux=', 751113.9644238085)
('latitude=', 162.0, 'conversion Flux=', 1299358.8325360464)
('latitude=', 176.4, 'conversion Flux=', 6267387.56727233)
[ 0.24  0.72  1.2   1.68  2.16  2.64  3.12  3.6   4.08  4.56  5.04  5.52
  6.    6.48  6.96  7.44  7.92  8.4   8.88  9.36  9.84 10.32 10.8  11.28
 11.76 12.24 12.72 13.2  13.68 14.16 14.64 15.12 15.6  16.08 16.56 17.04
 17.52 18.   18.48 18.96 19.44 19.92 20.4  20.88 21.36 21.84 22.32 22.8
 23.28 23.76]
[-86.4 -79.2 -72.  -64.8 -57.6 -50.4 -43.2 -36.  -28.8 -21.6 -14.4  -7.2
   0.    7.2  14.4  21.6  28.8  36.   43.2  50.4  57.6  64.8  72.   79.2
  86.4]
Flux integrated species e  = 1.361e+24 1/s
Mean Energy species e  = 4.225e+02 eV
Mean Energy1 species e  = 5.372e+02 eV
Mean Temperature species e  = 2.622e+02 eV
Mean RAM Pressure species e  = 1.603e+02 eV
Mean Radial Energy species e  = 1.344e+02 eV
('latitude=', 3.6, 'conversion Flux=', 6426116.043109057)
('latitude=', 18.0, 'conversion Flux=', 1305729.681140611)
('latitude=', 32.4, 'conversion Flux=', 752999.2170028213)
('latitude=', 46.8, 'conversion Flux=', 553455.6375517405)
('latitude=', 61.2, 'conversion Flux=', 460358.2733974517)
('latitude=', 75.6, 'conversion Flux=', 416447.71509870543)
('latitude=', 90.0, 'conversion Flux=', 403295.00494611496)
('latitude=', 104.4, 'conversion Flux=', 416277.54447285883)
('latitude=', 118.80000000000001, 'conversion Flux=', 459955.6174463969)
('latitude=', 133.2, 'conversion Flux=', 552629.139820379)
('latitude=', 147.60000000000002, 'conversion Flux=', 751113.9644238085)
('latitude=', 162.0, 'conversion Flux=', 1299358.8325360464)
('latitude=', 176.4, 'conversion Flux=', 6267387.56727233)
[ 0.24  0.72  1.2   1.68  2.16  2.64  3.12  3.6   4.08  4.56  5.04  5.52
  6.    6.48  6.96  7.44  7.92  8.4   8.88  9.36  9.84 10.32 10.8  11.28
 11.76 12.24 12.72 13.2  13.68 14.16 14.64 15.12 15.6  16.08 16.56 17.04
 17.52 18.   18.48 18.96 19.44 19.92 20.4  20.88 21.36 21.84 22.32 22.8
 23.28 23.76]
[-86.4 -79.2 -72.  -64.8 -57.6 -50.4 -43.2 -36.  -28.8 -21.6 -14.4  -7.2
   0.    7.2  14.4  21.6  28.8  36.   43.2  50.4  57.6  64.8  72.   79.2
  86.4]
Flux integrated species i  = 1.877e+24 1/s
Mean Energy species i  = 2.135e+03 eV
Mean Energy1 species i  = 2.358e+03 eV
Mean Temperature species i  = 9.261e+02 eV
Mean RAM Pressure species i  = 1.209e+03 eV
Mean Radial Energy species i  = 6.632e+02 eV
