('iPIC3D> cell number               :  ', (960, 768, 768))
('iPIC3D> domain size               :  ', (82.5, 66.0, 66.0))
('iPIC3D> mesh spacing              :  ', (0.0859375, 0.0859375, 0.0859375))
('iPIC3D> periodicity               :  ', (False, False, False))
('iPIC3D> time step                 :  ', 0.5)
('iPIC3D> species                   :  ', ['e0', 'i1'])
('          e0 charge-over-mass           :  ', -100.0)
('          i1 charge-over-mass           :  ', 1.0)
('MIN Cycles=', 8000.0)
('MAX Cycles=', 8034.0)
('LEN Cycles=', 35)
('LEN Protons=', 4700)
('LEN Electrons=', 5201)
('latitude=', 0.8910891089108911, 'conversion Flux=', 31316783.804390352)
('latitude=', 4.455445544554456, 'conversion Flux=', 6269414.695925741)
('latitude=', 8.01980198019802, 'conversion Flux=', 3490878.788688551)
('latitude=', 11.584158415841586, 'conversion Flux=', 2425359.684995875)
('latitude=', 15.14851485148515, 'conversion Flux=', 1863704.9926631402)
('latitude=', 18.712871287128714, 'conversion Flux=', 1518032.395477936)
('latitude=', 22.277227722772277, 'conversion Flux=', 1284714.016494463)
('latitude=', 25.84158415841584, 'conversion Flux=', 1117304.8687985202)
('latitude=', 29.40594059405941, 'conversion Flux=', 991887.0869372229)
('latitude=', 32.97029702970297, 'conversion Flux=', 894893.6838520947)
('latitude=', 36.53465346534654, 'conversion Flux=', 818059.9750927185)
('latitude=', 40.0990099009901, 'conversion Flux=', 756067.6919460219)
('latitude=', 43.663366336633665, 'conversion Flux=', 705343.120738379)
('latitude=', 47.22772277227723, 'conversion Flux=', 663399.6131297445)
('latitude=', 50.79207920792079, 'conversion Flux=', 628457.0789592039)
('latitude=', 54.35643564356435, 'conversion Flux=', 599211.3474170765)
('latitude=', 57.92079207920792, 'conversion Flux=', 574688.8673706206)
('latitude=', 61.48514851485149, 'conversion Flux=', 554152.1510907669)
('latitude=', 65.04950495049505, 'conversion Flux=', 537036.5391461395)
('latitude=', 68.61386138613861, 'conversion Flux=', 522906.94587337994)
('latitude=', 72.17821782178218, 'conversion Flux=', 511427.73746526934)
('latitude=', 75.74257425742574, 'conversion Flux=', 502341.4882100039)
('latitude=', 79.3069306930693, 'conversion Flux=', 495453.90953757183)
('latitude=', 82.87128712871288, 'conversion Flux=', 490623.20211846504)
('latitude=', 86.43564356435644, 'conversion Flux=', 487752.69030902983)
('latitude=', 90.0, 'conversion Flux=', 486786.0010736419)
('latitude=', 93.56435643564356, 'conversion Flux=', 487704.32900371624)
('latitude=', 97.12871287128714, 'conversion Flux=', 490525.53657547664)
('latitude=', 100.6930693069307, 'conversion Flux=', 495305.0086269152)
('latitude=', 104.25742574257426, 'conversion Flux=', 502138.33797944186)
('latitude=', 107.82178217821783, 'conversion Flux=', 511166.08836390416)
('latitude=', 111.38613861386139, 'conversion Flux=', 522581.0869905312)
('latitude=', 114.95049504950495, 'conversion Flux=', 536638.9762041633)
('latitude=', 118.51485148514851, 'conversion Flux=', 553673.1524841837)
('latitude=', 122.07920792079209, 'conversion Flux=', 574115.8233863019)
('latitude=', 125.64356435643565, 'conversion Flux=', 598527.8572573942)
('latitude=', 129.20792079207922, 'conversion Flux=', 627641.630016604)
('latitude=', 132.77227722772278, 'conversion Flux=', 662423.6317213932)
('latitude=', 136.33663366336634, 'conversion Flux=', 704168.0234831547)
('latitude=', 139.9009900990099, 'conversion Flux=', 754640.2922506632)
('latitude=', 143.46534653465346, 'conversion Flux=', 816305.0728906952)
('latitude=', 147.02970297029702, 'conversion Flux=', 892701.6038922926)
('latitude=', 150.59405940594058, 'conversion Flux=', 989091.6469806319)
('latitude=', 154.15841584158414, 'conversion Flux=', 1113641.970019539)
('latitude=', 157.7227722772277, 'conversion Flux=', 1279737.6200235772)
('latitude=', 161.28712871287127, 'conversion Flux=', 1510926.3472501517)
('latitude=', 164.85148514851485, 'conversion Flux=', 1852801.8402418094)
('latitude=', 168.41584158415844, 'conversion Flux=', 2406653.9961477155)
('latitude=', 171.980198019802, 'conversion Flux=', 3451843.592374963)
('latitude=', 175.54455445544556, 'conversion Flux=', 6143781.062501266)
('latitude=', 179.10891089108912, 'conversion Flux=', 28406591.850994073)
Flux integrated species e CN = 8.407e+22 1/s
Mean Energy species e CN = 2.169e+03 eV
Mean Energy1 species e CN = 2.062e+03 eV
Mean Temperature species e CN = 1.477e+03 eV
Mean RAM Pressure species e CN = 6.920e+02 eV
Mean Radial Energy species e CN = 8.425e+02 eV
