('iPIC3D> cell number               :  ', (960, 768, 768))
('iPIC3D> domain size               :  ', (82.5, 66.0, 66.0))
('iPIC3D> mesh spacing              :  ', (0.0859375, 0.0859375, 0.0859375))
('iPIC3D> periodicity               :  ', (False, False, False))
('iPIC3D> time step                 :  ', 0.5)
('iPIC3D> species                   :  ', ['e0', 'i1'])
('          e0 charge-over-mass           :  ', -100.0)
('          i1 charge-over-mass           :  ', 1.0)
('MIN Cycles=', 8000.0)
('MAX Cycles=', 8033.0)
('LEN Cycles=', 15)
('LEN Protons=', 11)
('LEN Electrons=', 10)
('latitude=', 0.8910891089108911, 'conversion Flux=', 73072495.54357748)
('latitude=', 4.455445544554456, 'conversion Flux=', 14628634.290493397)
('latitude=', 8.01980198019802, 'conversion Flux=', 8145383.840273285)
('latitude=', 11.584158415841586, 'conversion Flux=', 5659172.598323708)
('latitude=', 15.14851485148515, 'conversion Flux=', 4348644.98288066)
('latitude=', 18.712871287128714, 'conversion Flux=', 3542075.5894485167)
('latitude=', 22.277227722772277, 'conversion Flux=', 2997666.03848708)
('latitude=', 25.84158415841584, 'conversion Flux=', 2607044.6938632135)
('latitude=', 29.40594059405941, 'conversion Flux=', 2314403.20285352)
('latitude=', 32.97029702970297, 'conversion Flux=', 2088085.2623215541)
('latitude=', 36.53465346534654, 'conversion Flux=', 1908806.6085496761)
('latitude=', 40.0990099009901, 'conversion Flux=', 1764157.9478740508)
('latitude=', 43.663366336633665, 'conversion Flux=', 1645800.6150562174)
('latitude=', 47.22772277227723, 'conversion Flux=', 1547932.4306360704)
('latitude=', 50.79207920792079, 'conversion Flux=', 1466399.850904809)
('latitude=', 54.35643564356435, 'conversion Flux=', 1398159.8106398447)
('latitude=', 57.92079207920792, 'conversion Flux=', 1340940.6905314478)
('latitude=', 61.48514851485149, 'conversion Flux=', 1293021.685878456)
('latitude=', 65.04950495049505, 'conversion Flux=', 1253085.2580076586)
('latitude=', 68.61386138613861, 'conversion Flux=', 1220116.2070378864)
('latitude=', 72.17821782178218, 'conversion Flux=', 1193331.3874189616)
('latitude=', 75.74257425742574, 'conversion Flux=', 1172130.1391566754)
('latitude=', 79.3069306930693, 'conversion Flux=', 1156059.1222543342)
('latitude=', 82.87128712871288, 'conversion Flux=', 1144787.4716097515)
('latitude=', 86.43564356435644, 'conversion Flux=', 1138089.6107210694)
('latitude=', 90.0, 'conversion Flux=', 1135834.0025051644)
('latitude=', 93.56435643564356, 'conversion Flux=', 1137976.7676753378)
('latitude=', 97.12871287128714, 'conversion Flux=', 1144559.5853427788)
('latitude=', 100.6930693069307, 'conversion Flux=', 1155711.6867961353)
('latitude=', 104.25742574257426, 'conversion Flux=', 1171656.1219520308)
('latitude=', 107.82178217821783, 'conversion Flux=', 1192720.8728491096)
('latitude=', 111.38613861386139, 'conversion Flux=', 1219355.8696445725)
('latitude=', 114.95049504950495, 'conversion Flux=', 1252157.6111430475)
('latitude=', 118.51485148514851, 'conversion Flux=', 1291904.022463095)
('latitude=', 122.07920792079209, 'conversion Flux=', 1339603.5879013708)
('latitude=', 125.64356435643565, 'conversion Flux=', 1396565.0002672533)
('latitude=', 129.20792079207922, 'conversion Flux=', 1464497.1367054093)
('latitude=', 132.77227722772278, 'conversion Flux=', 1545655.1406832505)
('latitude=', 136.33663366336634, 'conversion Flux=', 1643058.7214606942)
('latitude=', 139.9009900990099, 'conversion Flux=', 1760827.3485848806)
('latitude=', 143.46534653465346, 'conversion Flux=', 1904711.8367449553)
('latitude=', 147.02970297029702, 'conversion Flux=', 2082970.4090820157)
('latitude=', 150.59405940594058, 'conversion Flux=', 2307880.509621474)
('latitude=', 154.15841584158414, 'conversion Flux=', 2598497.9300455903)
('latitude=', 157.7227722772277, 'conversion Flux=', 2986054.4467216795)
('latitude=', 161.28712871287127, 'conversion Flux=', 3525494.8102503535)
('latitude=', 164.85148514851485, 'conversion Flux=', 4323204.293897555)
('latitude=', 168.41584158415844, 'conversion Flux=', 5615525.991011336)
('latitude=', 171.980198019802, 'conversion Flux=', 8054301.71554158)
('latitude=', 175.54455445544556, 'conversion Flux=', 14335489.145836284)
('latitude=', 179.10891089108912, 'conversion Flux=', 66282047.6523195)
Flux integrated species e DR = 3.772e+20 1/s
Mean Energy species e DR = 9.276e+02 eV
Mean Energy1 species e DR = 9.922e+02 eV
Mean Temperature species e DR = 1.096e+02 eV
Mean RAM Pressure species e DR = 8.180e+02 eV
Mean Radial Energy species e DR = 4.424e+02 eV
('latitude=', 0.8910891089108911, 'conversion Flux=', 73072495.54357748)
('latitude=', 4.455445544554456, 'conversion Flux=', 14628634.290493397)
('latitude=', 8.01980198019802, 'conversion Flux=', 8145383.840273285)
('latitude=', 11.584158415841586, 'conversion Flux=', 5659172.598323708)
('latitude=', 15.14851485148515, 'conversion Flux=', 4348644.98288066)
('latitude=', 18.712871287128714, 'conversion Flux=', 3542075.5894485167)
('latitude=', 22.277227722772277, 'conversion Flux=', 2997666.03848708)
('latitude=', 25.84158415841584, 'conversion Flux=', 2607044.6938632135)
('latitude=', 29.40594059405941, 'conversion Flux=', 2314403.20285352)
('latitude=', 32.97029702970297, 'conversion Flux=', 2088085.2623215541)
('latitude=', 36.53465346534654, 'conversion Flux=', 1908806.6085496761)
('latitude=', 40.0990099009901, 'conversion Flux=', 1764157.9478740508)
('latitude=', 43.663366336633665, 'conversion Flux=', 1645800.6150562174)
('latitude=', 47.22772277227723, 'conversion Flux=', 1547932.4306360704)
('latitude=', 50.79207920792079, 'conversion Flux=', 1466399.850904809)
('latitude=', 54.35643564356435, 'conversion Flux=', 1398159.8106398447)
('latitude=', 57.92079207920792, 'conversion Flux=', 1340940.6905314478)
('latitude=', 61.48514851485149, 'conversion Flux=', 1293021.685878456)
('latitude=', 65.04950495049505, 'conversion Flux=', 1253085.2580076586)
('latitude=', 68.61386138613861, 'conversion Flux=', 1220116.2070378864)
('latitude=', 72.17821782178218, 'conversion Flux=', 1193331.3874189616)
('latitude=', 75.74257425742574, 'conversion Flux=', 1172130.1391566754)
('latitude=', 79.3069306930693, 'conversion Flux=', 1156059.1222543342)
('latitude=', 82.87128712871288, 'conversion Flux=', 1144787.4716097515)
('latitude=', 86.43564356435644, 'conversion Flux=', 1138089.6107210694)
('latitude=', 90.0, 'conversion Flux=', 1135834.0025051644)
('latitude=', 93.56435643564356, 'conversion Flux=', 1137976.7676753378)
('latitude=', 97.12871287128714, 'conversion Flux=', 1144559.5853427788)
('latitude=', 100.6930693069307, 'conversion Flux=', 1155711.6867961353)
('latitude=', 104.25742574257426, 'conversion Flux=', 1171656.1219520308)
('latitude=', 107.82178217821783, 'conversion Flux=', 1192720.8728491096)
('latitude=', 111.38613861386139, 'conversion Flux=', 1219355.8696445725)
('latitude=', 114.95049504950495, 'conversion Flux=', 1252157.6111430475)
('latitude=', 118.51485148514851, 'conversion Flux=', 1291904.022463095)
('latitude=', 122.07920792079209, 'conversion Flux=', 1339603.5879013708)
('latitude=', 125.64356435643565, 'conversion Flux=', 1396565.0002672533)
('latitude=', 129.20792079207922, 'conversion Flux=', 1464497.1367054093)
('latitude=', 132.77227722772278, 'conversion Flux=', 1545655.1406832505)
('latitude=', 136.33663366336634, 'conversion Flux=', 1643058.7214606942)
('latitude=', 139.9009900990099, 'conversion Flux=', 1760827.3485848806)
('latitude=', 143.46534653465346, 'conversion Flux=', 1904711.8367449553)
('latitude=', 147.02970297029702, 'conversion Flux=', 2082970.4090820157)
('latitude=', 150.59405940594058, 'conversion Flux=', 2307880.509621474)
('latitude=', 154.15841584158414, 'conversion Flux=', 2598497.9300455903)
('latitude=', 157.7227722772277, 'conversion Flux=', 2986054.4467216795)
('latitude=', 161.28712871287127, 'conversion Flux=', 3525494.8102503535)
('latitude=', 164.85148514851485, 'conversion Flux=', 4323204.293897555)
('latitude=', 168.41584158415844, 'conversion Flux=', 5615525.991011336)
('latitude=', 171.980198019802, 'conversion Flux=', 8054301.71554158)
('latitude=', 175.54455445544556, 'conversion Flux=', 14335489.145836284)
('latitude=', 179.10891089108912, 'conversion Flux=', 66282047.6523195)
Flux integrated species i DR = 4.149e+20 1/s
Mean Energy species i DR = 3.698e+03 eV
Mean Energy1 species i DR = 3.814e+03 eV
Mean Temperature species i DR = 4.746e+00 eV
Mean RAM Pressure species i DR = 3.694e+03 eV
Mean Radial Energy species i DR = 3.187e+02 eV
