('iPIC3D> cell number               :  ', (256, 208, 208))
('iPIC3D> domain size               :  ', (25.0, 20.0, 20.0))
('iPIC3D> mesh spacing              :  ', (0.09765625, 0.09615384615384616, 0.09615384615384616))
('iPIC3D> periodicity               :  ', (False, False, False))
('iPIC3D> time step                 :  ', 0.5)
('iPIC3D> species                   :  ', ['e0', 'i1'])
('          e0 charge-over-mass           :  ', -100.0)
('          i1 charge-over-mass           :  ', 1.0)
('MIN Cycles=', 5752.0)
('MAX Cycles=', 6438.0)
('LEN Cycles=', 344)
('LEN Protons=', 1522417)
('LEN Electrons=', 1011906)



('latitude=', 3.6, 'conversion Flux=', 336250.25806965993)
('latitude=', 18.0, 'conversion Flux=', 68323.06471084592)
('latitude=', 32.4, 'conversion Flux=', 39401.12181991507)
('latitude=', 46.8, 'conversion Flux=', 28959.88801142828)
('latitude=', 61.2, 'conversion Flux=', 24088.514305680612)
('latitude=', 75.6, 'conversion Flux=', 21790.868813304354)
('latitude=', 90.0, 'conversion Flux=', 21102.64560764555)
('latitude=', 104.4, 'conversion Flux=', 21781.96453637052)
('latitude=', 118.80000000000001, 'conversion Flux=', 24067.445098939374)
('latitude=', 133.2, 'conversion Flux=', 28916.641037112855)
('latitude=', 147.60000000000002, 'conversion Flux=', 39302.47488264114)
('latitude=', 162.0, 'conversion Flux=', 67989.70635363033)
('latitude=', 176.4, 'conversion Flux=', 327944.69828750566)
[ 0.24  0.72  1.2   1.68  2.16  2.64  3.12  3.6   4.08  4.56  5.04  5.52
  6.    6.48  6.96  7.44  7.92  8.4   8.88  9.36  9.84 10.32 10.8  11.28
 11.76 12.24 12.72 13.2  13.68 14.16 14.64 15.12 15.6  16.08 16.56 17.04
 17.52 18.   18.48 18.96 19.44 19.92 20.4  20.88 21.36 21.84 22.32 22.8
 23.28 23.76]
[-86.4 -79.2 -72.  -64.8 -57.6 -50.4 -43.2 -36.  -28.8 -21.6 -14.4  -7.2
   0.    7.2  14.4  21.6  28.8  36.   43.2  50.4  57.6  64.8  72.   79.2
  86.4]
Flux integrated species e  = 5.917e+23 1/s
Mean Energy species e  = 1.036e+02 eV
Mean Energy1 species e  = 1.336e+02 eV
Mean Temperature species e  = 3.510e+01 eV
Mean RAM Pressure species e  = 6.853e+01 eV
Mean Radial Energy species e  = 3.721e+01 eV
('latitude=', 3.6, 'conversion Flux=', 336250.25806965993)
('latitude=', 18.0, 'conversion Flux=', 68323.06471084592)
('latitude=', 32.4, 'conversion Flux=', 39401.12181991507)
('latitude=', 46.8, 'conversion Flux=', 28959.88801142828)
('latitude=', 61.2, 'conversion Flux=', 24088.514305680612)
('latitude=', 75.6, 'conversion Flux=', 21790.868813304354)
('latitude=', 90.0, 'conversion Flux=', 21102.64560764555)
('latitude=', 104.4, 'conversion Flux=', 21781.96453637052)
('latitude=', 118.80000000000001, 'conversion Flux=', 24067.445098939374)
('latitude=', 133.2, 'conversion Flux=', 28916.641037112855)
('latitude=', 147.60000000000002, 'conversion Flux=', 39302.47488264114)
('latitude=', 162.0, 'conversion Flux=', 67989.70635363033)
('latitude=', 176.4, 'conversion Flux=', 327944.69828750566)
[ 0.24  0.72  1.2   1.68  2.16  2.64  3.12  3.6   4.08  4.56  5.04  5.52
  6.    6.48  6.96  7.44  7.92  8.4   8.88  9.36  9.84 10.32 10.8  11.28
 11.76 12.24 12.72 13.2  13.68 14.16 14.64 15.12 15.6  16.08 16.56 17.04
 17.52 18.   18.48 18.96 19.44 19.92 20.4  20.88 21.36 21.84 22.32 22.8
 23.28 23.76]
[-86.4 -79.2 -72.  -64.8 -57.6 -50.4 -43.2 -36.  -28.8 -21.6 -14.4  -7.2
   0.    7.2  14.4  21.6  28.8  36.   43.2  50.4  57.6  64.8  72.   79.2
  86.4]
Flux integrated species i  = 8.903e+23 1/s
Mean Energy species i  = 1.084e+03 eV
Mean Energy1 species i  = 9.452e+02 eV
Mean Temperature species i  = 4.217e+02 eV
Mean RAM Pressure species i  = 6.619e+02 eV
Mean Radial Energy species i  = 3.815e+02 eV
