('iPIC3D> cell number               :  ', (256, 208, 208))
('iPIC3D> domain size               :  ', (25.0, 20.0, 20.0))
('iPIC3D> mesh spacing              :  ', (0.09765625, 0.09615384615384616, 0.09615384615384616))
('iPIC3D> periodicity               :  ', (False, False, False))
('iPIC3D> time step                 :  ', 0.5)
('iPIC3D> species                   :  ', ['e0', 'i1'])
('          e0 charge-over-mass           :  ', -100.0)
('          i1 charge-over-mass           :  ', 1.0)
('MIN Cycles=', 5752.0)
('MAX Cycles=', 6438.0)
('LEN Cycles=', 344)
('LEN Protons=', 1522417)
('LEN Electrons=', 1011906)



('latitude=', 3.6, 'conversion Flux=', 336250.25806965993)
('latitude=', 18.0, 'conversion Flux=', 68323.06471084592)
('latitude=', 32.4, 'conversion Flux=', 39401.12181991507)
('latitude=', 46.8, 'conversion Flux=', 28959.88801142828)
('latitude=', 61.2, 'conversion Flux=', 24088.514305680612)
('latitude=', 75.6, 'conversion Flux=', 21790.868813304354)
('latitude=', 90.0, 'conversion Flux=', 21102.64560764555)
('latitude=', 104.4, 'conversion Flux=', 21781.96453637052)
('latitude=', 118.80000000000001, 'conversion Flux=', 24067.445098939374)
('latitude=', 133.2, 'conversion Flux=', 28916.641037112855)
('latitude=', 147.60000000000002, 'conversion Flux=', 39302.47488264114)
('latitude=', 162.0, 'conversion Flux=', 67989.70635363033)
('latitude=', 176.4, 'conversion Flux=', 327944.69828750566)
[  3.6  10.8  18.   25.2  32.4  39.6  46.8  54.   61.2  68.4  75.6  82.8
  90.   97.2 104.4 111.6 118.8 126.  133.2 140.4 147.6 154.8 162.  169.2
 176.4 183.6 190.8 198.  205.2 212.4 219.6 226.8 234.  241.2 248.4 255.6
 262.8 270.  277.2 284.4 291.6 298.8 306.  313.2 320.4 327.6 334.8 342.
 349.2 356.4]
[-86.4 -79.2 -72.  -64.8 -57.6 -50.4 -43.2 -36.  -28.8 -21.6 -14.4  -7.2
   0.    7.2  14.4  21.6  28.8  36.   43.2  50.4  57.6  64.8  72.   79.2
  86.4]
Flux integrated species e  = 5.917e+23 1/s
Mean Energy species e  = 1.036e+02 eV
Mean Energy1 species e  = 1.336e+02 eV
Mean Temperature species e  = 3.510e+01 eV
Mean RAM Pressure species e  = 6.853e+01 eV
Mean Radial Energy species e  = 3.721e+01 eV
('latitude=', 3.6, 'conversion Flux=', 336250.25806965993)
('latitude=', 18.0, 'conversion Flux=', 68323.06471084592)
('latitude=', 32.4, 'conversion Flux=', 39401.12181991507)
('latitude=', 46.8, 'conversion Flux=', 28959.88801142828)
('latitude=', 61.2, 'conversion Flux=', 24088.514305680612)
('latitude=', 75.6, 'conversion Flux=', 21790.868813304354)
('latitude=', 90.0, 'conversion Flux=', 21102.64560764555)
('latitude=', 104.4, 'conversion Flux=', 21781.96453637052)
('latitude=', 118.80000000000001, 'conversion Flux=', 24067.445098939374)
('latitude=', 133.2, 'conversion Flux=', 28916.641037112855)
('latitude=', 147.60000000000002, 'conversion Flux=', 39302.47488264114)
('latitude=', 162.0, 'conversion Flux=', 67989.70635363033)
('latitude=', 176.4, 'conversion Flux=', 327944.69828750566)
[  3.6  10.8  18.   25.2  32.4  39.6  46.8  54.   61.2  68.4  75.6  82.8
  90.   97.2 104.4 111.6 118.8 126.  133.2 140.4 147.6 154.8 162.  169.2
 176.4 183.6 190.8 198.  205.2 212.4 219.6 226.8 234.  241.2 248.4 255.6
 262.8 270.  277.2 284.4 291.6 298.8 306.  313.2 320.4 327.6 334.8 342.
 349.2 356.4]
[-86.4 -79.2 -72.  -64.8 -57.6 -50.4 -43.2 -36.  -28.8 -21.6 -14.4  -7.2
   0.    7.2  14.4  21.6  28.8  36.   43.2  50.4  57.6  64.8  72.   79.2
  86.4]
Flux integrated species i  = 8.903e+23 1/s
Mean Energy species i  = 1.084e+03 eV
Mean Energy1 species i  = 9.452e+02 eV
Mean Temperature species i  = 4.217e+02 eV
Mean RAM Pressure species i  = 6.619e+02 eV
Mean Radial Energy species i  = 3.815e+02 eV
